[
  {
    "raw": "192.168.1.10 - - [04/Mar/2024:08:00:01 +0000] \"GET /index.html HTTP/1.1\" 200 5120 \"-\" \"Mozilla/5.0 (Windows NT 10.0; Win64; x64) AppleWebKit/537.36\"",
    "log_type": "apache",
    "format": "combined",
    "client_ip": "192.168.1.10",
    "ident": "-",
    "auth_user": "-",
    "timestamp_raw": "04/Mar/2024:08:00:01 +0000",
    "timestamp": "2024-03-04T08:00:01+0000",
    "request": {
      "method": "GET",
      "uri": "/index.html",
      "http_version": "HTTP/1.1"
    },
    "status": 200,
    "response_bytes": 5120,
    "referer": "-",
    "user_agent": "Mozilla/5.0 (Windows NT 10.0; Win64; x64) AppleWebKit/537.36",
    "method": "GET",
    "uri_path": "/index.html",
    "uri_query": null,
    "http_version": "HTTP/1.1"
  },
  {
    "raw": "192.168.1.11 - jsmith [04/Mar/2024:08:00:45 +0000] \"POST /login HTTP/1.1\" 200 312 \"https://corp.example.com/login\" \"Mozilla/5.0 (Macintosh; Intel Mac OS X 10_15_7)\"",
    "log_type": "apache",
    "format": "combined",
    "client_ip": "192.168.1.11",
    "ident": "-",
    "auth_user": "jsmith",
    "timestamp_raw": "04/Mar/2024:08:00:45 +0000",
    "timestamp": "2024-03-04T08:00:45+0000",
    "request": {
      "method": "POST",
      "uri": "/login",
      "http_version": "HTTP/1.1"
    },
    "status": 200,
    "response_bytes": 312,
    "referer": "https://corp.example.com/login",
    "user_agent": "Mozilla/5.0 (Macintosh; Intel Mac OS X 10_15_7)",
    "method": "POST",
    "uri_path": "/login",
    "uri_query": null,
    "http_version": "HTTP/1.1"
  },
  {
    "raw": "10.0.0.55 - - [04/Mar/2024:08:01:10 +0000] \"GET /admin/config.php HTTP/1.1\" 403 512 \"-\" \"python-requests/2.28.0\"",
    "log_type": "apache",
    "format": "combined",
    "client_ip": "10.0.0.55",
    "ident": "-",
    "auth_user": "-",
    "timestamp_raw": "04/Mar/2024:08:01:10 +0000",
    "timestamp": "2024-03-04T08:01:10+0000",
    "request": {
      "method": "GET",
      "uri": "/admin/config.php",
      "http_version": "HTTP/1.1"
    },
    "status": 403,
    "response_bytes": 512,
    "referer": "-",
    "user_agent": "python-requests/2.28.0",
    "method": "GET",
    "uri_path": "/admin/config.php",
    "uri_query": null,
    "http_version": "HTTP/1.1"
  },
  {
    "raw": "185.220.101.5 - - [04/Mar/2024:08:02:33 +0000] \"GET /wp-admin/install.php HTTP/1.1\" 404 209 \"-\" \"Mozlila/5.0 (compatible; Googlebot/2.1)\"",
    "log_type": "apache",
    "format": "combined",
    "client_ip": "185.220.101.5",
    "ident": "-",
    "auth_user": "-",
    "timestamp_raw": "04/Mar/2024:08:02:33 +0000",
    "timestamp": "2024-03-04T08:02:33+0000",
    "request": {
      "method": "GET",
      "uri": "/wp-admin/install.php",
      "http_version": "HTTP/1.1"
    },
    "status": 404,
    "response_bytes": 209,
    "referer": "-",
    "user_agent": "Mozlila/5.0 (compatible; Googlebot/2.1)",
    "method": "GET",
    "uri_path": "/wp-admin/install.php",
    "uri_query": null,
    "http_version": "HTTP/1.1"
  },
  {
    "raw": "10.0.0.55 - - [04/Mar/2024:08:02:55 +0000] \"GET /etc/passwd HTTP/1.1\" 400 0 \"-\" \"curl/7.85.0\"",
    "log_type": "apache",
    "format": "combined",
    "client_ip": "10.0.0.55",
    "ident": "-",
    "auth_user": "-",
    "timestamp_raw": "04/Mar/2024:08:02:55 +0000",
    "timestamp": "2024-03-04T08:02:55+0000",
    "request": {
      "method": "GET",
      "uri": "/etc/passwd",
      "http_version": "HTTP/1.1"
    },
    "status": 400,
    "response_bytes": 0,
    "referer": "-",
    "user_agent": "curl/7.85.0",
    "method": "GET",
    "uri_path": "/etc/passwd",
    "uri_query": null,
    "http_version": "HTTP/1.1"
  },
  {
    "raw": "192.168.1.12 - - [04/Mar/2024:08:03:20 +0000] \"GET /api/v1/users?page=1&limit=50 HTTP/1.1\" 200 8740 \"https://corp.example.com/dashboard\" \"Mozilla/5.0\"",
    "log_type": "apache",
    "format": "combined",
    "client_ip": "192.168.1.12",
    "ident": "-",
    "auth_user": "-",
    "timestamp_raw": "04/Mar/2024:08:03:20 +0000",
    "timestamp": "2024-03-04T08:03:20+0000",
    "request": {
      "method": "GET",
      "uri": "/api/v1/users?page=1&limit=50",
      "http_version": "HTTP/1.1"
    },
    "status": 200,
    "response_bytes": 8740,
    "referer": "https://corp.example.com/dashboard",
    "user_agent": "Mozilla/5.0",
    "method": "GET",
    "uri_path": "/api/v1/users",
    "uri_query": "page=1&limit=50",
    "http_version": "HTTP/1.1"
  },
  {
    "raw": "10.0.0.55 - - [04/Mar/2024:08:04:01 +0000] \"GET /?id=1' OR '1'='1 HTTP/1.1\" 400 0 \"-\" \"sqlmap/1.7\"",
    "log_type": "apache",
    "format": "combined",
    "client_ip": "10.0.0.55",
    "ident": "-",
    "auth_user": "-",
    "timestamp_raw": "04/Mar/2024:08:04:01 +0000",
    "timestamp": "2024-03-04T08:04:01+0000",
    "request": {
      "method": "GET",
      "uri": "/?id=1' OR '1'='1",
      "http_version": "HTTP/1.1"
    },
    "status": 400,
    "response_bytes": 0,
    "referer": "-",
    "user_agent": "sqlmap/1.7",
    "method": "GET",
    "uri_path": "/",
    "uri_query": "id=1' OR '1'='1",
    "http_version": "HTTP/1.1"
  },
  {
    "raw": "192.168.1.10 - - [04/Mar/2024:08:05:15 +0000] \"GET /static/app.js HTTP/1.1\" 304 0 \"https://corp.example.com/\" \"Mozilla/5.0\"",
    "log_type": "apache",
    "format": "combined",
    "client_ip": "192.168.1.10",
    "ident": "-",
    "auth_user": "-",
    "timestamp_raw": "04/Mar/2024:08:05:15 +0000",
    "timestamp": "2024-03-04T08:05:15+0000",
    "request": {
      "method": "GET",
      "uri": "/static/app.js",
      "http_version": "HTTP/1.1"
    },
    "status": 304,
    "response_bytes": 0,
    "referer": "https://corp.example.com/",
    "user_agent": "Mozilla/5.0",
    "method": "GET",
    "uri_path": "/static/app.js",
    "uri_query": null,
    "http_version": "HTTP/1.1"
  },
  {
    "raw": "45.33.32.156 - - [04/Mar/2024:08:06:00 +0000] \"GET /.env HTTP/1.1\" 404 162 \"-\" \"Go-http-client/1.1\"",
    "log_type": "apache",
    "format": "combined",
    "client_ip": "45.33.32.156",
    "ident": "-",
    "auth_user": "-",
    "timestamp_raw": "04/Mar/2024:08:06:00 +0000",
    "timestamp": "2024-03-04T08:06:00+0000",
    "request": {
      "method": "GET",
      "uri": "/.env",
      "http_version": "HTTP/1.1"
    },
    "status": 404,
    "response_bytes": 162,
    "referer": "-",
    "user_agent": "Go-http-client/1.1",
    "method": "GET",
    "uri_path": "/.env",
    "uri_query": null,
    "http_version": "HTTP/1.1"
  },
  {
    "raw": "45.33.32.156 - - [04/Mar/2024:08:06:01 +0000] \"GET /.git/config HTTP/1.1\" 404 162 \"-\" \"Go-http-client/1.1\"",
    "log_type": "apache",
    "format": "combined",
    "client_ip": "45.33.32.156",
    "ident": "-",
    "auth_user": "-",
    "timestamp_raw": "04/Mar/2024:08:06:01 +0000",
    "timestamp": "2024-03-04T08:06:01+0000",
    "request": {
      "method": "GET",
      "uri": "/.git/config",
      "http_version": "HTTP/1.1"
    },
    "status": 404,
    "response_bytes": 162,
    "referer": "-",
    "user_agent": "Go-http-client/1.1",
    "method": "GET",
    "uri_path": "/.git/config",
    "uri_query": null,
    "http_version": "HTTP/1.1"
  },
  {
    "raw": "45.33.32.156 - - [04/Mar/2024:08:06:02 +0000] \"GET /config.yml HTTP/1.1\" 404 162 \"-\" \"Go-http-client/1.1\"",
    "log_type": "apache",
    "format": "combined",
    "client_ip": "45.33.32.156",
    "ident": "-",
    "auth_user": "-",
    "timestamp_raw": "04/Mar/2024:08:06:02 +0000",
    "timestamp": "2024-03-04T08:06:02+0000",
    "request": {
      "method": "GET",
      "uri": "/config.yml",
      "http_version": "HTTP/1.1"
    },
    "status": 404,
    "response_bytes": 162,
    "referer": "-",
    "user_agent": "Go-http-client/1.1",
    "method": "GET",
    "uri_path": "/config.yml",
    "uri_query": null,
    "http_version": "HTTP/1.1"
  },
  {
    "raw": "45.33.32.156 - - [04/Mar/2024:08:06:03 +0000] \"GET /backup.zip HTTP/1.1\" 404 162 \"-\" \"Go-http-client/1.1\"",
    "log_type": "apache",
    "format": "combined",
    "client_ip": "45.33.32.156",
    "ident": "-",
    "auth_user": "-",
    "timestamp_raw": "04/Mar/2024:08:06:03 +0000",
    "timestamp": "2024-03-04T08:06:03+0000",
    "request": {
      "method": "GET",
      "uri": "/backup.zip",
      "http_version": "HTTP/1.1"
    },
    "status": 404,
    "response_bytes": 162,
    "referer": "-",
    "user_agent": "Go-http-client/1.1",
    "method": "GET",
    "uri_path": "/backup.zip",
    "uri_query": null,
    "http_version": "HTTP/1.1"
  },
  {
    "raw": "192.168.1.13 - admin [04/Mar/2024:08:10:00 +0000] \"GET /admin/dashboard HTTP/1.1\" 200 15360 \"https://corp.example.com/admin\" \"Mozilla/5.0\"",
    "log_type": "apache",
    "format": "combined",
    "client_ip": "192.168.1.13",
    "ident": "-",
    "auth_user": "admin",
    "timestamp_raw": "04/Mar/2024:08:10:00 +0000",
    "timestamp": "2024-03-04T08:10:00+0000",
    "request": {
      "method": "GET",
      "uri": "/admin/dashboard",
      "http_version": "HTTP/1.1"
    },
    "status": 200,
    "response_bytes": 15360,
    "referer": "https://corp.example.com/admin",
    "user_agent": "Mozilla/5.0",
    "method": "GET",
    "uri_path": "/admin/dashboard",
    "uri_query": null,
    "http_version": "HTTP/1.1"
  },
  {
    "raw": "10.0.0.99 - - [04/Mar/2024:08:15:30 +0000] \"POST /api/v1/upload HTTP/1.1\" 200 256 \"-\" \"python-requests/2.28.0\"",
    "log_type": "apache",
    "format": "combined",
    "client_ip": "10.0.0.99",
    "ident": "-",
    "auth_user": "-",
    "timestamp_raw": "04/Mar/2024:08:15:30 +0000",
    "timestamp": "2024-03-04T08:15:30+0000",
    "request": {
      "method": "POST",
      "uri": "/api/v1/upload",
      "http_version": "HTTP/1.1"
    },
    "status": 200,
    "response_bytes": 256,
    "referer": "-",
    "user_agent": "python-requests/2.28.0",
    "method": "POST",
    "uri_path": "/api/v1/upload",
    "uri_query": null,
    "http_version": "HTTP/1.1"
  },
  {
    "raw": "192.168.1.10 - - [04/Mar/2024:08:20:00 +0000] \"GET /nonexistent-page HTTP/1.1\" 404 512 \"https://corp.example.com/\" \"Mozilla/5.0\"",
    "log_type": "apache",
    "format": "combined",
    "client_ip": "192.168.1.10",
    "ident": "-",
    "auth_user": "-",
    "timestamp_raw": "04/Mar/2024:08:20:00 +0000",
    "timestamp": "2024-03-04T08:20:00+0000",
    "request": {
      "method": "GET",
      "uri": "/nonexistent-page",
      "http_version": "HTTP/1.1"
    },
    "status": 404,
    "response_bytes": 512,
    "referer": "https://corp.example.com/",
    "user_agent": "Mozilla/5.0",
    "method": "GET",
    "uri_path": "/nonexistent-page",
    "uri_query": null,
    "http_version": "HTTP/1.1"
  }
]